#! /c/Source/iverilog-install/bin/vvp
:ivl_version "12.0 (devel)" "(s20150603-1539-g2693dd32b)";
:ivl_delay_selection "TYPICAL";
:vpi_time_precision + 0;
:vpi_module "C:\iverilog\lib\ivl\system.vpi";
:vpi_module "C:\iverilog\lib\ivl\vhdl_sys.vpi";
:vpi_module "C:\iverilog\lib\ivl\vhdl_textio.vpi";
:vpi_module "C:\iverilog\lib\ivl\v2005_math.vpi";
:vpi_module "C:\iverilog\lib\ivl\va_math.vpi";
S_000001e89deca230 .scope module, "datapath" "datapath" 2 9;
 .timescale 0 0;
    .port_info 0 /INPUT 1 "clk";
    .port_info 1 /INPUT 1 "reset";
    .port_info 2 /OUTPUT 32 "Adr";
    .port_info 3 /OUTPUT 32 "WriteData";
    .port_info 4 /INPUT 32 "ReadData";
    .port_info 5 /OUTPUT 32 "Instr";
    .port_info 6 /OUTPUT 4 "ALUFlags";
    .port_info 7 /INPUT 1 "PCWrite";
    .port_info 8 /INPUT 1 "RegWrite";
    .port_info 9 /INPUT 1 "IRWrite";
    .port_info 10 /INPUT 1 "AdrSrc";
    .port_info 11 /INPUT 2 "RegSrc";
    .port_info 12 /INPUT 2 "ALUSrcA";
    .port_info 13 /INPUT 2 "ALUSrcB";
    .port_info 14 /INPUT 2 "ResultSrc";
    .port_info 15 /INPUT 2 "ImmSrc";
    .port_info 16 /INPUT 2 "ALUControl";
o000001e89df1dfd8 .functor BUFZ 2, C4<zz>; HiZ drive
v000001e89dec9e20_0 .net "ALUControl", 1 0, o000001e89df1dfd8;  0 drivers
o000001e89df1e008 .functor BUFZ 4, C4<zzzz>; HiZ drive
v000001e89deca3c0_0 .net "ALUFlags", 3 0, o000001e89df1e008;  0 drivers
o000001e89df1e038 .functor BUFZ 2, C4<zz>; HiZ drive
v000001e89dec89b0_0 .net "ALUSrcA", 1 0, o000001e89df1e038;  0 drivers
o000001e89df1e068 .functor BUFZ 2, C4<zz>; HiZ drive
v000001e89dec8a50_0 .net "ALUSrcB", 1 0, o000001e89df1e068;  0 drivers
o000001e89df1e098 .functor BUFZ 32, C4<zzzzzzzzzzzzzzzzzzzzzzzzzzzzzzzz>; HiZ drive
v000001e89dec8af0_0 .net "Adr", 31 0, o000001e89df1e098;  0 drivers
o000001e89df1e0c8 .functor BUFZ 1, C4<z>; HiZ drive
v000001e89dee2830_0 .net "AdrSrc", 0 0, o000001e89df1e0c8;  0 drivers
o000001e89df1e0f8 .functor BUFZ 1, C4<z>; HiZ drive
v000001e89dee28d0_0 .net "IRWrite", 0 0, o000001e89df1e0f8;  0 drivers
o000001e89df1e128 .functor BUFZ 2, C4<zz>; HiZ drive
v000001e89dee2970_0 .net "ImmSrc", 1 0, o000001e89df1e128;  0 drivers
o000001e89df1e158 .functor BUFZ 32, C4<zzzzzzzzzzzzzzzzzzzzzzzzzzzzzzzz>; HiZ drive
v000001e89dee2a10_0 .net "Instr", 31 0, o000001e89df1e158;  0 drivers
o000001e89df1e188 .functor BUFZ 1, C4<z>; HiZ drive
v000001e89dee2b40_0 .net "PCWrite", 0 0, o000001e89df1e188;  0 drivers
o000001e89df1e1b8 .functor BUFZ 32, C4<zzzzzzzzzzzzzzzzzzzzzzzzzzzzzzzz>; HiZ drive
v000001e89dee2be0_0 .net "ReadData", 31 0, o000001e89df1e1b8;  0 drivers
o000001e89df1e1e8 .functor BUFZ 2, C4<zz>; HiZ drive
v000001e89df14050_0 .net "RegSrc", 1 0, o000001e89df1e1e8;  0 drivers
o000001e89df1e218 .functor BUFZ 1, C4<z>; HiZ drive
v000001e89df140f0_0 .net "RegWrite", 0 0, o000001e89df1e218;  0 drivers
o000001e89df1e248 .functor BUFZ 2, C4<zz>; HiZ drive
v000001e89df692a0_0 .net "ResultSrc", 1 0, o000001e89df1e248;  0 drivers
o000001e89df1e278 .functor BUFZ 32, C4<zzzzzzzzzzzzzzzzzzzzzzzzzzzzzzzz>; HiZ drive
v000001e89df68bc0_0 .net "WriteData", 31 0, o000001e89df1e278;  0 drivers
o000001e89df1e2a8 .functor BUFZ 1, C4<z>; HiZ drive
v000001e89df68c60_0 .net "clk", 0 0, o000001e89df1e2a8;  0 drivers
o000001e89df1e2d8 .functor BUFZ 1, C4<z>; HiZ drive
v000001e89df69340_0 .net "reset", 0 0, o000001e89df1e2d8;  0 drivers
S_000001e89dec9c90 .scope module, "mux3" "mux3" 2 75;
 .timescale 0 0;
    .port_info 0 /INPUT 8 "d0";
    .port_info 1 /INPUT 8 "d1";
    .port_info 2 /INPUT 8 "d2";
    .port_info 3 /INPUT 2 "s";
    .port_info 4 /OUTPUT 8 "y";
P_000001e89df1d0a0 .param/l "WIDTH" 0 2 82, +C4<00000000000000000000000000001000>;
v000001e89df68ee0_0 .net *"_ivl_1", 0 0, L_000001e89df68e40;  1 drivers
v000001e89df693e0_0 .net *"_ivl_3", 0 0, L_000001e89df69520;  1 drivers
v000001e89df69160_0 .net *"_ivl_4", 7 0, L_000001e89df68b20;  1 drivers
o000001e89df1e6c8 .functor BUFZ 8, C4<zzzzzzzz>; HiZ drive
v000001e89df68d00_0 .net "d0", 7 0, o000001e89df1e6c8;  0 drivers
o000001e89df1e6f8 .functor BUFZ 8, C4<zzzzzzzz>; HiZ drive
v000001e89df69200_0 .net "d1", 7 0, o000001e89df1e6f8;  0 drivers
o000001e89df1e728 .functor BUFZ 8, C4<zzzzzzzz>; HiZ drive
v000001e89df69480_0 .net "d2", 7 0, o000001e89df1e728;  0 drivers
o000001e89df1e758 .functor BUFZ 2, C4<zz>; HiZ drive
v000001e89df690c0_0 .net "s", 1 0, o000001e89df1e758;  0 drivers
v000001e89df69700_0 .net "y", 7 0, L_000001e89df69020;  1 drivers
L_000001e89df68e40 .part o000001e89df1e758, 1, 1;
L_000001e89df69520 .part o000001e89df1e758, 0, 1;
L_000001e89df68b20 .functor MUXZ 8, o000001e89df1e6c8, o000001e89df1e6f8, L_000001e89df69520, C4<>;
L_000001e89df69020 .functor MUXZ 8, L_000001e89df68b20, o000001e89df1e728, L_000001e89df68e40, C4<>;
# The file index is used to find the file name in the following table.
:file_names 3;
    "N/A";
    "<interactive>";
    "datapath.v";
